<?xml version="1.0" encoding="UTF-8"?>
<testsuite xmlns:xsi="http://www.w3.org/2001/XMLSchema-instance" xsi:noNamespaceSchemaLocation="https://maven.apache.org/surefire/maven-surefire-plugin/xsd/surefire-test-report-3.0.xsd" version="3.0" name="com.genlib.integration.GenLibIntegrationTest" time="0.016" tests="8" errors="0" skipped="8" failures="0">
  <properties>
    <property name="java.specification.version" value="24"/>
    <property name="sun.cpu.isalist" value="amd64"/>
    <property name="sun.jnu.encoding" value="GBK"/>
    <property name="java.class.path" value="C:\Users\suyal\java\apache-maven-3.9.11\repository\org\apache\maven\surefire\surefire-booter\3.2.2\surefire-booter-3.2.2.jar;C:\Users\suyal\java\apache-maven-3.9.11\repository\org\apache\maven\surefire\surefire-api\3.2.2\surefire-api-3.2.2.jar;C:\Users\suyal\java\apache-maven-3.9.11\repository\org\apache\maven\surefire\surefire-logger-api\3.2.2\surefire-logger-api-3.2.2.jar;C:\Users\suyal\java\apache-maven-3.9.11\repository\org\apache\maven\surefire\surefire-shared-utils\3.2.2\surefire-shared-utils-3.2.2.jar;C:\Users\suyal\java\apache-maven-3.9.11\repository\org\apache\maven\surefire\surefire-extensions-spi\3.2.2\surefire-extensions-spi-3.2.2.jar;C:\Users\suyal\Desktop\gen-lib\gen-lib-integration-tests\target\test-classes;C:\Users\suyal\Desktop\gen-lib\gen-lib-integration-tests\target\classes;C:\Users\suyal\Desktop\gen-lib\gen-lib-spring-boot-starter\target\classes;C:\Users\suyal\java\apache-maven-3.9.11\repository\org\springframework\boot\spring-boot-starter\3.2.0\spring-boot-starter-3.2.0.jar;C:\Users\suyal\java\apache-maven-3.9.11\repository\org\springframework\boot\spring-boot\3.2.0\spring-boot-3.2.0.jar;C:\Users\suyal\java\apache-maven-3.9.11\repository\org\springframework\boot\spring-boot-autoconfigure\3.2.0\spring-boot-autoconfigure-3.2.0.jar;C:\Users\suyal\java\apache-maven-3.9.11\repository\org\springframework\boot\spring-boot-starter-logging\3.2.0\spring-boot-starter-logging-3.2.0.jar;C:\Users\suyal\java\apache-maven-3.9.11\repository\ch\qos\logback\logback-classic\1.4.11\logback-classic-1.4.11.jar;C:\Users\suyal\java\apache-maven-3.9.11\repository\ch\qos\logback\logback-core\1.4.11\logback-core-1.4.11.jar;C:\Users\suyal\java\apache-maven-3.9.11\repository\org\apache\logging\log4j\log4j-to-slf4j\2.21.1\log4j-to-slf4j-2.21.1.jar;C:\Users\suyal\java\apache-maven-3.9.11\repository\org\apache\logging\log4j\log4j-api\2.21.1\log4j-api-2.21.1.jar;C:\Users\suyal\java\apache-maven-3.9.11\repository\org\slf4j\jul-to-slf4j\2.0.9\jul-to-slf4j-2.0.9.jar;C:\Users\suyal\java\apache-maven-3.9.11\repository\jakarta\annotation\jakarta.annotation-api\2.1.1\jakarta.annotation-api-2.1.1.jar;C:\Users\suyal\java\apache-maven-3.9.11\repository\org\yaml\snakeyaml\2.2\snakeyaml-2.2.jar;C:\Users\suyal\Desktop\gen-lib\gen-lib-core\target\classes;C:\Users\suyal\Desktop\gen-lib\gen-lib-utils\target\classes;C:\Users\suyal\java\apache-maven-3.9.11\repository\cn\hutool\hutool-all\5.8.22\hutool-all-5.8.22.jar;C:\Users\suyal\java\apache-maven-3.9.11\repository\com\alibaba\fastjson2\fastjson2\2.0.43\fastjson2-2.0.43.jar;C:\Users\suyal\java\apache-maven-3.9.11\repository\com\fasterxml\jackson\datatype\jackson-datatype-jsr310\2.15.3\jackson-datatype-jsr310-2.15.3.jar;C:\Users\suyal\java\apache-maven-3.9.11\repository\io\jsonwebtoken\jjwt-api\0.12.3\jjwt-api-0.12.3.jar;C:\Users\suyal\java\apache-maven-3.9.11\repository\io\jsonwebtoken\jjwt-impl\0.12.3\jjwt-impl-0.12.3.jar;C:\Users\suyal\java\apache-maven-3.9.11\repository\io\jsonwebtoken\jjwt-jackson\0.12.3\jjwt-jackson-0.12.3.jar;C:\Users\suyal\java\apache-maven-3.9.11\repository\org\bouncycastle\bcprov-jdk18on\1.76\bcprov-jdk18on-1.76.jar;C:\Users\suyal\Desktop\gen-lib\gen-lib-config\target\classes;C:\Users\suyal\Desktop\gen-lib\gen-lib-cache\target\classes;C:\Users\suyal\Desktop\gen-lib\gen-lib-data\target\classes;C:\Users\suyal\Desktop\gen-lib\gen-lib-web\target\classes;C:\Users\suyal\Desktop\gen-lib\gen-lib-business\target\classes;C:\Users\suyal\Desktop\gen-lib\gen-lib-security\target\classes;C:\Users\suyal\Desktop\gen-lib\gen-lib-monitor\target\classes;C:\Users\suyal\Desktop\gen-lib\gen-lib-cloud-starter\target\classes;C:\Users\suyal\java\apache-maven-3.9.11\repository\org\springframework\boot\spring-boot-starter-test\3.2.0\spring-boot-starter-test-3.2.0.jar;C:\Users\suyal\java\apache-maven-3.9.11\repository\org\springframework\boot\spring-boot-test\3.2.0\spring-boot-test-3.2.0.jar;C:\Users\suyal\java\apache-maven-3.9.11\repository\org\springframework\boot\spring-boot-test-autoconfigure\3.2.0\spring-boot-test-autoconfigure-3.2.0.jar;C:\Users\suyal\java\apache-maven-3.9.11\repository\com\jayway\jsonpath\json-path\2.8.0\json-path-2.8.0.jar;C:\Users\suyal\java\apache-maven-3.9.11\repository\jakarta\xml\bind\jakarta.xml.bind-api\4.0.1\jakarta.xml.bind-api-4.0.1.jar;C:\Users\suyal\java\apache-maven-3.9.11\repository\jakarta\activation\jakarta.activation-api\2.1.2\jakarta.activation-api-2.1.2.jar;C:\Users\suyal\java\apache-maven-3.9.11\repository\net\minidev\json-smart\2.5.0\json-smart-2.5.0.jar;C:\Users\suyal\java\apache-maven-3.9.11\repository\net\minidev\accessors-smart\2.5.0\accessors-smart-2.5.0.jar;C:\Users\suyal\java\apache-maven-3.9.11\repository\org\hamcrest\hamcrest\2.2\hamcrest-2.2.jar;C:\Users\suyal\java\apache-maven-3.9.11\repository\org\mockito\mockito-junit-jupiter\5.7.0\mockito-junit-jupiter-5.7.0.jar;C:\Users\suyal\java\apache-maven-3.9.11\repository\org\skyscreamer\jsonassert\1.5.1\jsonassert-1.5.1.jar;C:\Users\suyal\java\apache-maven-3.9.11\repository\com\vaadin\external\google\android-json\0.0.20131108.vaadin1\android-json-0.0.20131108.vaadin1.jar;C:\Users\suyal\java\apache-maven-3.9.11\repository\org\springframework\spring-core\6.1.1\spring-core-6.1.1.jar;C:\Users\suyal\java\apache-maven-3.9.11\repository\org\springframework\spring-jcl\6.1.1\spring-jcl-6.1.1.jar;C:\Users\suyal\java\apache-maven-3.9.11\repository\org\xmlunit\xmlunit-core\2.9.1\xmlunit-core-2.9.1.jar;C:\Users\suyal\java\apache-maven-3.9.11\repository\org\springframework\boot\spring-boot-starter-web\3.2.0\spring-boot-starter-web-3.2.0.jar;C:\Users\suyal\java\apache-maven-3.9.11\repository\org\springframework\boot\spring-boot-starter-json\3.2.0\spring-boot-starter-json-3.2.0.jar;C:\Users\suyal\java\apache-maven-3.9.11\repository\com\fasterxml\jackson\datatype\jackson-datatype-jdk8\2.15.3\jackson-datatype-jdk8-2.15.3.jar;C:\Users\suyal\java\apache-maven-3.9.11\repository\com\fasterxml\jackson\module\jackson-module-parameter-names\2.15.3\jackson-module-parameter-names-2.15.3.jar;C:\Users\suyal\java\apache-maven-3.9.11\repository\org\springframework\boot\spring-boot-starter-tomcat\3.2.0\spring-boot-starter-tomcat-3.2.0.jar;C:\Users\suyal\java\apache-maven-3.9.11\repository\org\apache\tomcat\embed\tomcat-embed-core\10.1.16\tomcat-embed-core-10.1.16.jar;C:\Users\suyal\java\apache-maven-3.9.11\repository\org\apache\tomcat\embed\tomcat-embed-el\10.1.16\tomcat-embed-el-10.1.16.jar;C:\Users\suyal\java\apache-maven-3.9.11\repository\org\apache\tomcat\embed\tomcat-embed-websocket\10.1.16\tomcat-embed-websocket-10.1.16.jar;C:\Users\suyal\java\apache-maven-3.9.11\repository\org\springframework\spring-web\6.1.1\spring-web-6.1.1.jar;C:\Users\suyal\java\apache-maven-3.9.11\repository\org\springframework\spring-webmvc\6.1.1\spring-webmvc-6.1.1.jar;C:\Users\suyal\java\apache-maven-3.9.11\repository\org\springframework\boot\spring-boot-starter-data-jpa\3.2.0\spring-boot-starter-data-jpa-3.2.0.jar;C:\Users\suyal\java\apache-maven-3.9.11\repository\org\springframework\boot\spring-boot-starter-aop\3.2.0\spring-boot-starter-aop-3.2.0.jar;C:\Users\suyal\java\apache-maven-3.9.11\repository\org\aspectj\aspectjweaver\1.9.20.1\aspectjweaver-1.9.20.1.jar;C:\Users\suyal\java\apache-maven-3.9.11\repository\org\springframework\boot\spring-boot-starter-jdbc\3.2.0\spring-boot-starter-jdbc-3.2.0.jar;C:\Users\suyal\java\apache-maven-3.9.11\repository\com\zaxxer\HikariCP\5.0.1\HikariCP-5.0.1.jar;C:\Users\suyal\java\apache-maven-3.9.11\repository\org\springframework\spring-jdbc\6.1.1\spring-jdbc-6.1.1.jar;C:\Users\suyal\java\apache-maven-3.9.11\repository\org\hibernate\orm\hibernate-core\6.3.1.Final\hibernate-core-6.3.1.Final.jar;C:\Users\suyal\java\apache-maven-3.9.11\repository\jakarta\persistence\jakarta.persistence-api\3.1.0\jakarta.persistence-api-3.1.0.jar;C:\Users\suyal\java\apache-maven-3.9.11\repository\jakarta\transaction\jakarta.transaction-api\2.0.1\jakarta.transaction-api-2.0.1.jar;C:\Users\suyal\java\apache-maven-3.9.11\repository\org\jboss\logging\jboss-logging\3.5.3.Final\jboss-logging-3.5.3.Final.jar;C:\Users\suyal\java\apache-maven-3.9.11\repository\org\hibernate\common\hibernate-commons-annotations\6.0.6.Final\hibernate-commons-annotations-6.0.6.Final.jar;C:\Users\suyal\java\apache-maven-3.9.11\repository\io\smallrye\jandex\3.1.2\jandex-3.1.2.jar;C:\Users\suyal\java\apache-maven-3.9.11\repository\com\fasterxml\classmate\1.6.0\classmate-1.6.0.jar;C:\Users\suyal\java\apache-maven-3.9.11\repository\org\glassfish\jaxb\jaxb-runtime\4.0.4\jaxb-runtime-4.0.4.jar;C:\Users\suyal\java\apache-maven-3.9.11\repository\org\glassfish\jaxb\jaxb-core\4.0.4\jaxb-core-4.0.4.jar;C:\Users\suyal\java\apache-maven-3.9.11\repository\org\eclipse\angus\angus-activation\2.0.1\angus-activation-2.0.1.jar;C:\Users\suyal\java\apache-maven-3.9.11\repository\org\glassfish\jaxb\txw2\4.0.4\txw2-4.0.4.jar;C:\Users\suyal\java\apache-maven-3.9.11\repository\com\sun\istack\istack-commons-runtime\4.1.2\istack-commons-runtime-4.1.2.jar;C:\Users\suyal\java\apache-maven-3.9.11\repository\jakarta\inject\jakarta.inject-api\2.0.1\jakarta.inject-api-2.0.1.jar;C:\Users\suyal\java\apache-maven-3.9.11\repository\org\antlr\antlr4-runtime\4.10.1\antlr4-runtime-4.10.1.jar;C:\Users\suyal\java\apache-maven-3.9.11\repository\org\springframework\data\spring-data-jpa\3.2.0\spring-data-jpa-3.2.0.jar;C:\Users\suyal\java\apache-maven-3.9.11\repository\org\springframework\data\spring-data-commons\3.2.0\spring-data-commons-3.2.0.jar;C:\Users\suyal\java\apache-maven-3.9.11\repository\org\springframework\spring-orm\6.1.1\spring-orm-6.1.1.jar;C:\Users\suyal\java\apache-maven-3.9.11\repository\org\springframework\spring-tx\6.1.1\spring-tx-6.1.1.jar;C:\Users\suyal\java\apache-maven-3.9.11\repository\org\springframework\spring-aspects\6.1.1\spring-aspects-6.1.1.jar;C:\Users\suyal\java\apache-maven-3.9.11\repository\com\h2database\h2\2.2.224\h2-2.2.224.jar;C:\Users\suyal\java\apache-maven-3.9.11\repository\org\testcontainers\junit-jupiter\1.19.3\junit-jupiter-1.19.3.jar;C:\Users\suyal\java\apache-maven-3.9.11\repository\org\testcontainers\testcontainers\1.19.3\testcontainers-1.19.3.jar;C:\Users\suyal\java\apache-maven-3.9.11\repository\junit\junit\4.13.2\junit-4.13.2.jar;C:\Users\suyal\java\apache-maven-3.9.11\repository\org\apache\commons\commons-compress\1.24.0\commons-compress-1.24.0.jar;C:\Users\suyal\java\apache-maven-3.9.11\repository\org\rnorth\duct-tape\duct-tape\1.0.8\duct-tape-1.0.8.jar;C:\Users\suyal\java\apache-maven-3.9.11\repository\org\jetbrains\annotations\17.0.0\annotations-17.0.0.jar;C:\Users\suyal\java\apache-maven-3.9.11\repository\com\github\docker-java\docker-java-api\3.3.4\docker-java-api-3.3.4.jar;C:\Users\suyal\java\apache-maven-3.9.11\repository\com\github\docker-java\docker-java-transport-zerodep\3.3.4\docker-java-transport-zerodep-3.3.4.jar;C:\Users\suyal\java\apache-maven-3.9.11\repository\com\github\docker-java\docker-java-transport\3.3.4\docker-java-transport-3.3.4.jar;C:\Users\suyal\java\apache-maven-3.9.11\repository\net\java\dev\jna\jna\5.13.0\jna-5.13.0.jar;C:\Users\suyal\java\apache-maven-3.9.11\repository\org\testcontainers\mysql\1.19.3\mysql-1.19.3.jar;C:\Users\suyal\java\apache-maven-3.9.11\repository\org\testcontainers\jdbc\1.19.3\jdbc-1.19.3.jar;C:\Users\suyal\java\apache-maven-3.9.11\repository\org\testcontainers\database-commons\1.19.3\database-commons-1.19.3.jar;C:\Users\suyal\java\apache-maven-3.9.11\repository\org\springframework\boot\spring-boot-starter-data-redis\3.2.0\spring-boot-starter-data-redis-3.2.0.jar;C:\Users\suyal\java\apache-maven-3.9.11\repository\io\lettuce\lettuce-core\6.3.0.RELEASE\lettuce-core-6.3.0.RELEASE.jar;C:\Users\suyal\java\apache-maven-3.9.11\repository\io\netty\netty-common\4.1.101.Final\netty-common-4.1.101.Final.jar;C:\Users\suyal\java\apache-maven-3.9.11\repository\io\netty\netty-handler\4.1.101.Final\netty-handler-4.1.101.Final.jar;C:\Users\suyal\java\apache-maven-3.9.11\repository\io\netty\netty-resolver\4.1.101.Final\netty-resolver-4.1.101.Final.jar;C:\Users\suyal\java\apache-maven-3.9.11\repository\io\netty\netty-buffer\4.1.101.Final\netty-buffer-4.1.101.Final.jar;C:\Users\suyal\java\apache-maven-3.9.11\repository\io\netty\netty-transport-native-unix-common\4.1.101.Final\netty-transport-native-unix-common-4.1.101.Final.jar;C:\Users\suyal\java\apache-maven-3.9.11\repository\io\netty\netty-codec\4.1.101.Final\netty-codec-4.1.101.Final.jar;C:\Users\suyal\java\apache-maven-3.9.11\repository\io\netty\netty-transport\4.1.101.Final\netty-transport-4.1.101.Final.jar;C:\Users\suyal\java\apache-maven-3.9.11\repository\io\projectreactor\reactor-core\3.6.0\reactor-core-3.6.0.jar;C:\Users\suyal\java\apache-maven-3.9.11\repository\org\reactivestreams\reactive-streams\1.0.4\reactive-streams-1.0.4.jar;C:\Users\suyal\java\apache-maven-3.9.11\repository\org\springframework\data\spring-data-redis\3.2.0\spring-data-redis-3.2.0.jar;C:\Users\suyal\java\apache-maven-3.9.11\repository\org\springframework\data\spring-data-keyvalue\3.2.0\spring-data-keyvalue-3.2.0.jar;C:\Users\suyal\java\apache-maven-3.9.11\repository\org\springframework\spring-oxm\6.1.1\spring-oxm-6.1.1.jar;C:\Users\suyal\java\apache-maven-3.9.11\repository\org\springframework\spring-context-support\6.1.1\spring-context-support-6.1.1.jar;C:\Users\suyal\java\apache-maven-3.9.11\repository\com\github\tomakehurst\wiremock-jre8\2.35.0\wiremock-jre8-2.35.0.jar;C:\Users\suyal\java\apache-maven-3.9.11\repository\org\eclipse\jetty\jetty-server\12.0.3\jetty-server-12.0.3.jar;C:\Users\suyal\java\apache-maven-3.9.11\repository\org\eclipse\jetty\jetty-http\12.0.3\jetty-http-12.0.3.jar;C:\Users\suyal\java\apache-maven-3.9.11\repository\org\eclipse\jetty\jetty-io\12.0.3\jetty-io-12.0.3.jar;C:\Users\suyal\java\apache-maven-3.9.11\repository\org\eclipse\jetty\jetty-servlet\9.4.49.v20220914\jetty-servlet-9.4.49.v20220914.jar;C:\Users\suyal\java\apache-maven-3.9.11\repository\org\eclipse\jetty\jetty-security\12.0.3\jetty-security-12.0.3.jar;C:\Users\suyal\java\apache-maven-3.9.11\repository\org\eclipse\jetty\jetty-util-ajax\12.0.3\jetty-util-ajax-12.0.3.jar;C:\Users\suyal\java\apache-maven-3.9.11\repository\org\eclipse\jetty\jetty-servlets\9.4.49.v20220914\jetty-servlets-9.4.49.v20220914.jar;C:\Users\suyal\java\apache-maven-3.9.11\repository\org\eclipse\jetty\jetty-continuation\9.4.49.v20220914\jetty-continuation-9.4.49.v20220914.jar;C:\Users\suyal\java\apache-maven-3.9.11\repository\org\eclipse\jetty\jetty-util\12.0.3\jetty-util-12.0.3.jar;C:\Users\suyal\java\apache-maven-3.9.11\repository\org\eclipse\jetty\jetty-webapp\9.4.49.v20220914\jetty-webapp-9.4.49.v20220914.jar;C:\Users\suyal\java\apache-maven-3.9.11\repository\org\eclipse\jetty\jetty-xml\12.0.3\jetty-xml-12.0.3.jar;C:\Users\suyal\java\apache-maven-3.9.11\repository\org\eclipse\jetty\jetty-proxy\12.0.3\jetty-proxy-12.0.3.jar;C:\Users\suyal\java\apache-maven-3.9.11\repository\org\eclipse\jetty\jetty-client\12.0.3\jetty-client-12.0.3.jar;C:\Users\suyal\java\apache-maven-3.9.11\repository\org\eclipse\jetty\http2\http2-server\9.4.49.v20220914\http2-server-9.4.49.v20220914.jar;C:\Users\suyal\java\apache-maven-3.9.11\repository\org\eclipse\jetty\http2\http2-common\9.4.49.v20220914\http2-common-9.4.49.v20220914.jar;C:\Users\suyal\java\apache-maven-3.9.11\repository\org\eclipse\jetty\http2\http2-hpack\9.4.49.v20220914\http2-hpack-9.4.49.v20220914.jar;C:\Users\suyal\java\apache-maven-3.9.11\repository\org\eclipse\jetty\jetty-alpn-server\12.0.3\jetty-alpn-server-12.0.3.jar;C:\Users\suyal\java\apache-maven-3.9.11\repository\org\eclipse\jetty\jetty-alpn-java-server\12.0.3\jetty-alpn-java-server-12.0.3.jar;C:\Users\suyal\java\apache-maven-3.9.11\repository\org\eclipse\jetty\jetty-alpn-openjdk8-server\9.4.49.v20220914\jetty-alpn-openjdk8-server-9.4.49.v20220914.jar;C:\Users\suyal\java\apache-maven-3.9.11\repository\org\eclipse\jetty\jetty-alpn-java-client\12.0.3\jetty-alpn-java-client-12.0.3.jar;C:\Users\suyal\java\apache-maven-3.9.11\repository\org\eclipse\jetty\jetty-alpn-client\12.0.3\jetty-alpn-client-12.0.3.jar;C:\Users\suyal\java\apache-maven-3.9.11\repository\org\eclipse\jetty\jetty-alpn-openjdk8-client\9.4.49.v20220914\jetty-alpn-openjdk8-client-9.4.49.v20220914.jar;C:\Users\suyal\java\apache-maven-3.9.11\repository\com\google\guava\guava\32.1.3-jre\guava-32.1.3-jre.jar;C:\Users\suyal\java\apache-maven-3.9.11\repository\com\google\guava\failureaccess\1.0.1\failureaccess-1.0.1.jar;C:\Users\suyal\java\apache-maven-3.9.11\repository\com\google\guava\listenablefuture\9999.0-empty-to-avoid-conflict-with-guava\listenablefuture-9999.0-empty-to-avoid-conflict-with-guava.jar;C:\Users\suyal\java\apache-maven-3.9.11\repository\com\google\code\findbugs\jsr305\3.0.2\jsr305-3.0.2.jar;C:\Users\suyal\java\apache-maven-3.9.11\repository\org\checkerframework\checker-qual\3.37.0\checker-qual-3.37.0.jar;C:\Users\suyal\java\apache-maven-3.9.11\repository\com\google\errorprone\error_prone_annotations\2.21.1\error_prone_annotations-2.21.1.jar;C:\Users\suyal\java\apache-maven-3.9.11\repository\com\google\j2objc\j2objc-annotations\2.8\j2objc-annotations-2.8.jar;C:\Users\suyal\java\apache-maven-3.9.11\repository\com\fasterxml\jackson\core\jackson-core\2.15.3\jackson-core-2.15.3.jar;C:\Users\suyal\java\apache-maven-3.9.11\repository\com\fasterxml\jackson\core\jackson-annotations\2.15.3\jackson-annotations-2.15.3.jar;C:\Users\suyal\java\apache-maven-3.9.11\repository\com\fasterxml\jackson\core\jackson-databind\2.15.3\jackson-databind-2.15.3.jar;C:\Users\suyal\java\apache-maven-3.9.11\repository\org\apache\httpcomponents\client5\httpclient5\5.2.1\httpclient5-5.2.1.jar;C:\Users\suyal\java\apache-maven-3.9.11\repository\org\apache\httpcomponents\core5\httpcore5\5.2.3\httpcore5-5.2.3.jar;C:\Users\suyal\java\apache-maven-3.9.11\repository\org\apache\httpcomponents\core5\httpcore5-h2\5.2.3\httpcore5-h2-5.2.3.jar;C:\Users\suyal\java\apache-maven-3.9.11\repository\org\xmlunit\xmlunit-legacy\2.9.1\xmlunit-legacy-2.9.1.jar;C:\Users\suyal\java\apache-maven-3.9.11\repository\org\xmlunit\xmlunit-placeholders\2.9.1\xmlunit-placeholders-2.9.1.jar;C:\Users\suyal\java\apache-maven-3.9.11\repository\net\javacrumbs\json-unit\json-unit-core\2.36.0\json-unit-core-2.36.0.jar;C:\Users\suyal\java\apache-maven-3.9.11\repository\org\hamcrest\hamcrest-core\2.2\hamcrest-core-2.2.jar;C:\Users\suyal\java\apache-maven-3.9.11\repository\org\ow2\asm\asm\9.4\asm-9.4.jar;C:\Users\suyal\java\apache-maven-3.9.11\repository\net\sf\jopt-simple\jopt-simple\5.0.4\jopt-simple-5.0.4.jar;C:\Users\suyal\java\apache-maven-3.9.11\repository\org\apache\commons\commons-lang3\3.13.0\commons-lang3-3.13.0.jar;C:\Users\suyal\java\apache-maven-3.9.11\repository\com\github\jknack\handlebars\4.3.1\handlebars-4.3.1.jar;C:\Users\suyal\java\apache-maven-3.9.11\repository\com\github\jknack\handlebars-helpers\4.3.1\handlebars-helpers-4.3.1.jar;C:\Users\suyal\java\apache-maven-3.9.11\repository\commons-fileupload\commons-fileupload\1.5\commons-fileupload-1.5.jar;C:\Users\suyal\java\apache-maven-3.9.11\repository\commons-io\commons-io\2.11.0\commons-io-2.11.0.jar;C:\Users\suyal\java\apache-maven-3.9.11\repository\org\assertj\assertj-core\3.24.2\assertj-core-3.24.2.jar;C:\Users\suyal\java\apache-maven-3.9.11\repository\net\bytebuddy\byte-buddy\1.14.10\byte-buddy-1.14.10.jar;C:\Users\suyal\java\apache-maven-3.9.11\repository\org\awaitility\awaitility\4.2.0\awaitility-4.2.0.jar;C:\Users\suyal\java\apache-maven-3.9.11\repository\org\springframework\spring-context\6.1.1\spring-context-6.1.1.jar;C:\Users\suyal\java\apache-maven-3.9.11\repository\org\springframework\spring-aop\6.1.1\spring-aop-6.1.1.jar;C:\Users\suyal\java\apache-maven-3.9.11\repository\org\springframework\spring-beans\6.1.1\spring-beans-6.1.1.jar;C:\Users\suyal\java\apache-maven-3.9.11\repository\org\springframework\spring-expression\6.1.1\spring-expression-6.1.1.jar;C:\Users\suyal\java\apache-maven-3.9.11\repository\io\micrometer\micrometer-observation\1.12.0\micrometer-observation-1.12.0.jar;C:\Users\suyal\java\apache-maven-3.9.11\repository\io\micrometer\micrometer-commons\1.12.0\micrometer-commons-1.12.0.jar;C:\Users\suyal\java\apache-maven-3.9.11\repository\org\slf4j\slf4j-api\2.0.9\slf4j-api-2.0.9.jar;C:\Users\suyal\java\apache-maven-3.9.11\repository\org\junit\jupiter\junit-jupiter\5.10.1\junit-jupiter-5.10.1.jar;C:\Users\suyal\java\apache-maven-3.9.11\repository\org\junit\jupiter\junit-jupiter-api\5.10.1\junit-jupiter-api-5.10.1.jar;C:\Users\suyal\java\apache-maven-3.9.11\repository\org\opentest4j\opentest4j\1.3.0\opentest4j-1.3.0.jar;C:\Users\suyal\java\apache-maven-3.9.11\repository\org\junit\platform\junit-platform-commons\1.10.1\junit-platform-commons-1.10.1.jar;C:\Users\suyal\java\apache-maven-3.9.11\repository\org\apiguardian\apiguardian-api\1.1.2\apiguardian-api-1.1.2.jar;C:\Users\suyal\java\apache-maven-3.9.11\repository\org\junit\jupiter\junit-jupiter-params\5.10.1\junit-jupiter-params-5.10.1.jar;C:\Users\suyal\java\apache-maven-3.9.11\repository\org\junit\jupiter\junit-jupiter-engine\5.10.1\junit-jupiter-engine-5.10.1.jar;C:\Users\suyal\java\apache-maven-3.9.11\repository\org\junit\platform\junit-platform-engine\1.10.1\junit-platform-engine-1.10.1.jar;C:\Users\suyal\java\apache-maven-3.9.11\repository\org\mockito\mockito-core\5.7.0\mockito-core-5.7.0.jar;C:\Users\suyal\java\apache-maven-3.9.11\repository\net\bytebuddy\byte-buddy-agent\1.14.10\byte-buddy-agent-1.14.10.jar;C:\Users\suyal\java\apache-maven-3.9.11\repository\org\objenesis\objenesis\3.3\objenesis-3.3.jar;C:\Users\suyal\java\apache-maven-3.9.11\repository\org\springframework\spring-test\6.1.1\spring-test-6.1.1.jar;C:\Users\suyal\java\apache-maven-3.9.11\repository\org\apache\maven\surefire\surefire-junit-platform\3.2.2\surefire-junit-platform-3.2.2.jar;C:\Users\suyal\java\apache-maven-3.9.11\repository\org\apache\maven\surefire\common-java5\3.2.2\common-java5-3.2.2.jar;C:\Users\suyal\java\apache-maven-3.9.11\repository\org\junit\platform\junit-platform-launcher\1.10.1\junit-platform-launcher-1.10.1.jar"/>
    <property name="java.vm.vendor" value="Oracle Corporation"/>
    <property name="sun.arch.data.model" value="64"/>
    <property name="user.variant" value=""/>
    <property name="catalina.useNaming" value="false"/>
    <property name="java.vendor.url" value="https://java.oracle.com/"/>
    <property name="user.timezone" value="Asia/Shanghai"/>
    <property name="org.jboss.logging.provider" value="slf4j"/>
    <property name="os.name" value="Windows 11"/>
    <property name="java.vm.specification.version" value="24"/>
    <property name="sun.java.launcher" value="SUN_STANDARD"/>
    <property name="user.country" value="CN"/>
    <property name="sun.boot.library.path" value="C:\Users\suyal\java\jdk-24\bin"/>
    <property name="sun.java.command" value="org.apache.maven.surefire.booter.ForkedBooter C:\Users\suyal\AppData\Local\Temp\surefire14600348238528353014 2025-09-02T06-42-19_437-jvmRun1 surefire-20250902064322600_7tmp surefire_3-20250902064322600_8tmp"/>
    <property name="jdk.debug" value="release"/>
    <property name="surefire.test.class.path" value="C:\Users\suyal\Desktop\gen-lib\gen-lib-integration-tests\target\test-classes;C:\Users\suyal\Desktop\gen-lib\gen-lib-integration-tests\target\classes;C:\Users\suyal\Desktop\gen-lib\gen-lib-spring-boot-starter\target\classes;C:\Users\suyal\java\apache-maven-3.9.11\repository\org\springframework\boot\spring-boot-starter\3.2.0\spring-boot-starter-3.2.0.jar;C:\Users\suyal\java\apache-maven-3.9.11\repository\org\springframework\boot\spring-boot\3.2.0\spring-boot-3.2.0.jar;C:\Users\suyal\java\apache-maven-3.9.11\repository\org\springframework\boot\spring-boot-autoconfigure\3.2.0\spring-boot-autoconfigure-3.2.0.jar;C:\Users\suyal\java\apache-maven-3.9.11\repository\org\springframework\boot\spring-boot-starter-logging\3.2.0\spring-boot-starter-logging-3.2.0.jar;C:\Users\suyal\java\apache-maven-3.9.11\repository\ch\qos\logback\logback-classic\1.4.11\logback-classic-1.4.11.jar;C:\Users\suyal\java\apache-maven-3.9.11\repository\ch\qos\logback\logback-core\1.4.11\logback-core-1.4.11.jar;C:\Users\suyal\java\apache-maven-3.9.11\repository\org\apache\logging\log4j\log4j-to-slf4j\2.21.1\log4j-to-slf4j-2.21.1.jar;C:\Users\suyal\java\apache-maven-3.9.11\repository\org\apache\logging\log4j\log4j-api\2.21.1\log4j-api-2.21.1.jar;C:\Users\suyal\java\apache-maven-3.9.11\repository\org\slf4j\jul-to-slf4j\2.0.9\jul-to-slf4j-2.0.9.jar;C:\Users\suyal\java\apache-maven-3.9.11\repository\jakarta\annotation\jakarta.annotation-api\2.1.1\jakarta.annotation-api-2.1.1.jar;C:\Users\suyal\java\apache-maven-3.9.11\repository\org\yaml\snakeyaml\2.2\snakeyaml-2.2.jar;C:\Users\suyal\Desktop\gen-lib\gen-lib-core\target\classes;C:\Users\suyal\Desktop\gen-lib\gen-lib-utils\target\classes;C:\Users\suyal\java\apache-maven-3.9.11\repository\cn\hutool\hutool-all\5.8.22\hutool-all-5.8.22.jar;C:\Users\suyal\java\apache-maven-3.9.11\repository\com\alibaba\fastjson2\fastjson2\2.0.43\fastjson2-2.0.43.jar;C:\Users\suyal\java\apache-maven-3.9.11\repository\com\fasterxml\jackson\datatype\jackson-datatype-jsr310\2.15.3\jackson-datatype-jsr310-2.15.3.jar;C:\Users\suyal\java\apache-maven-3.9.11\repository\io\jsonwebtoken\jjwt-api\0.12.3\jjwt-api-0.12.3.jar;C:\Users\suyal\java\apache-maven-3.9.11\repository\io\jsonwebtoken\jjwt-impl\0.12.3\jjwt-impl-0.12.3.jar;C:\Users\suyal\java\apache-maven-3.9.11\repository\io\jsonwebtoken\jjwt-jackson\0.12.3\jjwt-jackson-0.12.3.jar;C:\Users\suyal\java\apache-maven-3.9.11\repository\org\bouncycastle\bcprov-jdk18on\1.76\bcprov-jdk18on-1.76.jar;C:\Users\suyal\Desktop\gen-lib\gen-lib-config\target\classes;C:\Users\suyal\Desktop\gen-lib\gen-lib-cache\target\classes;C:\Users\suyal\Desktop\gen-lib\gen-lib-data\target\classes;C:\Users\suyal\Desktop\gen-lib\gen-lib-web\target\classes;C:\Users\suyal\Desktop\gen-lib\gen-lib-business\target\classes;C:\Users\suyal\Desktop\gen-lib\gen-lib-security\target\classes;C:\Users\suyal\Desktop\gen-lib\gen-lib-monitor\target\classes;C:\Users\suyal\Desktop\gen-lib\gen-lib-cloud-starter\target\classes;C:\Users\suyal\java\apache-maven-3.9.11\repository\org\springframework\boot\spring-boot-starter-test\3.2.0\spring-boot-starter-test-3.2.0.jar;C:\Users\suyal\java\apache-maven-3.9.11\repository\org\springframework\boot\spring-boot-test\3.2.0\spring-boot-test-3.2.0.jar;C:\Users\suyal\java\apache-maven-3.9.11\repository\org\springframework\boot\spring-boot-test-autoconfigure\3.2.0\spring-boot-test-autoconfigure-3.2.0.jar;C:\Users\suyal\java\apache-maven-3.9.11\repository\com\jayway\jsonpath\json-path\2.8.0\json-path-2.8.0.jar;C:\Users\suyal\java\apache-maven-3.9.11\repository\jakarta\xml\bind\jakarta.xml.bind-api\4.0.1\jakarta.xml.bind-api-4.0.1.jar;C:\Users\suyal\java\apache-maven-3.9.11\repository\jakarta\activation\jakarta.activation-api\2.1.2\jakarta.activation-api-2.1.2.jar;C:\Users\suyal\java\apache-maven-3.9.11\repository\net\minidev\json-smart\2.5.0\json-smart-2.5.0.jar;C:\Users\suyal\java\apache-maven-3.9.11\repository\net\minidev\accessors-smart\2.5.0\accessors-smart-2.5.0.jar;C:\Users\suyal\java\apache-maven-3.9.11\repository\org\hamcrest\hamcrest\2.2\hamcrest-2.2.jar;C:\Users\suyal\java\apache-maven-3.9.11\repository\org\mockito\mockito-junit-jupiter\5.7.0\mockito-junit-jupiter-5.7.0.jar;C:\Users\suyal\java\apache-maven-3.9.11\repository\org\skyscreamer\jsonassert\1.5.1\jsonassert-1.5.1.jar;C:\Users\suyal\java\apache-maven-3.9.11\repository\com\vaadin\external\google\android-json\0.0.20131108.vaadin1\android-json-0.0.20131108.vaadin1.jar;C:\Users\suyal\java\apache-maven-3.9.11\repository\org\springframework\spring-core\6.1.1\spring-core-6.1.1.jar;C:\Users\suyal\java\apache-maven-3.9.11\repository\org\springframework\spring-jcl\6.1.1\spring-jcl-6.1.1.jar;C:\Users\suyal\java\apache-maven-3.9.11\repository\org\xmlunit\xmlunit-core\2.9.1\xmlunit-core-2.9.1.jar;C:\Users\suyal\java\apache-maven-3.9.11\repository\org\springframework\boot\spring-boot-starter-web\3.2.0\spring-boot-starter-web-3.2.0.jar;C:\Users\suyal\java\apache-maven-3.9.11\repository\org\springframework\boot\spring-boot-starter-json\3.2.0\spring-boot-starter-json-3.2.0.jar;C:\Users\suyal\java\apache-maven-3.9.11\repository\com\fasterxml\jackson\datatype\jackson-datatype-jdk8\2.15.3\jackson-datatype-jdk8-2.15.3.jar;C:\Users\suyal\java\apache-maven-3.9.11\repository\com\fasterxml\jackson\module\jackson-module-parameter-names\2.15.3\jackson-module-parameter-names-2.15.3.jar;C:\Users\suyal\java\apache-maven-3.9.11\repository\org\springframework\boot\spring-boot-starter-tomcat\3.2.0\spring-boot-starter-tomcat-3.2.0.jar;C:\Users\suyal\java\apache-maven-3.9.11\repository\org\apache\tomcat\embed\tomcat-embed-core\10.1.16\tomcat-embed-core-10.1.16.jar;C:\Users\suyal\java\apache-maven-3.9.11\repository\org\apache\tomcat\embed\tomcat-embed-el\10.1.16\tomcat-embed-el-10.1.16.jar;C:\Users\suyal\java\apache-maven-3.9.11\repository\org\apache\tomcat\embed\tomcat-embed-websocket\10.1.16\tomcat-embed-websocket-10.1.16.jar;C:\Users\suyal\java\apache-maven-3.9.11\repository\org\springframework\spring-web\6.1.1\spring-web-6.1.1.jar;C:\Users\suyal\java\apache-maven-3.9.11\repository\org\springframework\spring-webmvc\6.1.1\spring-webmvc-6.1.1.jar;C:\Users\suyal\java\apache-maven-3.9.11\repository\org\springframework\boot\spring-boot-starter-data-jpa\3.2.0\spring-boot-starter-data-jpa-3.2.0.jar;C:\Users\suyal\java\apache-maven-3.9.11\repository\org\springframework\boot\spring-boot-starter-aop\3.2.0\spring-boot-starter-aop-3.2.0.jar;C:\Users\suyal\java\apache-maven-3.9.11\repository\org\aspectj\aspectjweaver\1.9.20.1\aspectjweaver-1.9.20.1.jar;C:\Users\suyal\java\apache-maven-3.9.11\repository\org\springframework\boot\spring-boot-starter-jdbc\3.2.0\spring-boot-starter-jdbc-3.2.0.jar;C:\Users\suyal\java\apache-maven-3.9.11\repository\com\zaxxer\HikariCP\5.0.1\HikariCP-5.0.1.jar;C:\Users\suyal\java\apache-maven-3.9.11\repository\org\springframework\spring-jdbc\6.1.1\spring-jdbc-6.1.1.jar;C:\Users\suyal\java\apache-maven-3.9.11\repository\org\hibernate\orm\hibernate-core\6.3.1.Final\hibernate-core-6.3.1.Final.jar;C:\Users\suyal\java\apache-maven-3.9.11\repository\jakarta\persistence\jakarta.persistence-api\3.1.0\jakarta.persistence-api-3.1.0.jar;C:\Users\suyal\java\apache-maven-3.9.11\repository\jakarta\transaction\jakarta.transaction-api\2.0.1\jakarta.transaction-api-2.0.1.jar;C:\Users\suyal\java\apache-maven-3.9.11\repository\org\jboss\logging\jboss-logging\3.5.3.Final\jboss-logging-3.5.3.Final.jar;C:\Users\suyal\java\apache-maven-3.9.11\repository\org\hibernate\common\hibernate-commons-annotations\6.0.6.Final\hibernate-commons-annotations-6.0.6.Final.jar;C:\Users\suyal\java\apache-maven-3.9.11\repository\io\smallrye\jandex\3.1.2\jandex-3.1.2.jar;C:\Users\suyal\java\apache-maven-3.9.11\repository\com\fasterxml\classmate\1.6.0\classmate-1.6.0.jar;C:\Users\suyal\java\apache-maven-3.9.11\repository\org\glassfish\jaxb\jaxb-runtime\4.0.4\jaxb-runtime-4.0.4.jar;C:\Users\suyal\java\apache-maven-3.9.11\repository\org\glassfish\jaxb\jaxb-core\4.0.4\jaxb-core-4.0.4.jar;C:\Users\suyal\java\apache-maven-3.9.11\repository\org\eclipse\angus\angus-activation\2.0.1\angus-activation-2.0.1.jar;C:\Users\suyal\java\apache-maven-3.9.11\repository\org\glassfish\jaxb\txw2\4.0.4\txw2-4.0.4.jar;C:\Users\suyal\java\apache-maven-3.9.11\repository\com\sun\istack\istack-commons-runtime\4.1.2\istack-commons-runtime-4.1.2.jar;C:\Users\suyal\java\apache-maven-3.9.11\repository\jakarta\inject\jakarta.inject-api\2.0.1\jakarta.inject-api-2.0.1.jar;C:\Users\suyal\java\apache-maven-3.9.11\repository\org\antlr\antlr4-runtime\4.10.1\antlr4-runtime-4.10.1.jar;C:\Users\suyal\java\apache-maven-3.9.11\repository\org\springframework\data\spring-data-jpa\3.2.0\spring-data-jpa-3.2.0.jar;C:\Users\suyal\java\apache-maven-3.9.11\repository\org\springframework\data\spring-data-commons\3.2.0\spring-data-commons-3.2.0.jar;C:\Users\suyal\java\apache-maven-3.9.11\repository\org\springframework\spring-orm\6.1.1\spring-orm-6.1.1.jar;C:\Users\suyal\java\apache-maven-3.9.11\repository\org\springframework\spring-tx\6.1.1\spring-tx-6.1.1.jar;C:\Users\suyal\java\apache-maven-3.9.11\repository\org\springframework\spring-aspects\6.1.1\spring-aspects-6.1.1.jar;C:\Users\suyal\java\apache-maven-3.9.11\repository\com\h2database\h2\2.2.224\h2-2.2.224.jar;C:\Users\suyal\java\apache-maven-3.9.11\repository\org\testcontainers\junit-jupiter\1.19.3\junit-jupiter-1.19.3.jar;C:\Users\suyal\java\apache-maven-3.9.11\repository\org\testcontainers\testcontainers\1.19.3\testcontainers-1.19.3.jar;C:\Users\suyal\java\apache-maven-3.9.11\repository\junit\junit\4.13.2\junit-4.13.2.jar;C:\Users\suyal\java\apache-maven-3.9.11\repository\org\apache\commons\commons-compress\1.24.0\commons-compress-1.24.0.jar;C:\Users\suyal\java\apache-maven-3.9.11\repository\org\rnorth\duct-tape\duct-tape\1.0.8\duct-tape-1.0.8.jar;C:\Users\suyal\java\apache-maven-3.9.11\repository\org\jetbrains\annotations\17.0.0\annotations-17.0.0.jar;C:\Users\suyal\java\apache-maven-3.9.11\repository\com\github\docker-java\docker-java-api\3.3.4\docker-java-api-3.3.4.jar;C:\Users\suyal\java\apache-maven-3.9.11\repository\com\github\docker-java\docker-java-transport-zerodep\3.3.4\docker-java-transport-zerodep-3.3.4.jar;C:\Users\suyal\java\apache-maven-3.9.11\repository\com\github\docker-java\docker-java-transport\3.3.4\docker-java-transport-3.3.4.jar;C:\Users\suyal\java\apache-maven-3.9.11\repository\net\java\dev\jna\jna\5.13.0\jna-5.13.0.jar;C:\Users\suyal\java\apache-maven-3.9.11\repository\org\testcontainers\mysql\1.19.3\mysql-1.19.3.jar;C:\Users\suyal\java\apache-maven-3.9.11\repository\org\testcontainers\jdbc\1.19.3\jdbc-1.19.3.jar;C:\Users\suyal\java\apache-maven-3.9.11\repository\org\testcontainers\database-commons\1.19.3\database-commons-1.19.3.jar;C:\Users\suyal\java\apache-maven-3.9.11\repository\org\springframework\boot\spring-boot-starter-data-redis\3.2.0\spring-boot-starter-data-redis-3.2.0.jar;C:\Users\suyal\java\apache-maven-3.9.11\repository\io\lettuce\lettuce-core\6.3.0.RELEASE\lettuce-core-6.3.0.RELEASE.jar;C:\Users\suyal\java\apache-maven-3.9.11\repository\io\netty\netty-common\4.1.101.Final\netty-common-4.1.101.Final.jar;C:\Users\suyal\java\apache-maven-3.9.11\repository\io\netty\netty-handler\4.1.101.Final\netty-handler-4.1.101.Final.jar;C:\Users\suyal\java\apache-maven-3.9.11\repository\io\netty\netty-resolver\4.1.101.Final\netty-resolver-4.1.101.Final.jar;C:\Users\suyal\java\apache-maven-3.9.11\repository\io\netty\netty-buffer\4.1.101.Final\netty-buffer-4.1.101.Final.jar;C:\Users\suyal\java\apache-maven-3.9.11\repository\io\netty\netty-transport-native-unix-common\4.1.101.Final\netty-transport-native-unix-common-4.1.101.Final.jar;C:\Users\suyal\java\apache-maven-3.9.11\repository\io\netty\netty-codec\4.1.101.Final\netty-codec-4.1.101.Final.jar;C:\Users\suyal\java\apache-maven-3.9.11\repository\io\netty\netty-transport\4.1.101.Final\netty-transport-4.1.101.Final.jar;C:\Users\suyal\java\apache-maven-3.9.11\repository\io\projectreactor\reactor-core\3.6.0\reactor-core-3.6.0.jar;C:\Users\suyal\java\apache-maven-3.9.11\repository\org\reactivestreams\reactive-streams\1.0.4\reactive-streams-1.0.4.jar;C:\Users\suyal\java\apache-maven-3.9.11\repository\org\springframework\data\spring-data-redis\3.2.0\spring-data-redis-3.2.0.jar;C:\Users\suyal\java\apache-maven-3.9.11\repository\org\springframework\data\spring-data-keyvalue\3.2.0\spring-data-keyvalue-3.2.0.jar;C:\Users\suyal\java\apache-maven-3.9.11\repository\org\springframework\spring-oxm\6.1.1\spring-oxm-6.1.1.jar;C:\Users\suyal\java\apache-maven-3.9.11\repository\org\springframework\spring-context-support\6.1.1\spring-context-support-6.1.1.jar;C:\Users\suyal\java\apache-maven-3.9.11\repository\com\github\tomakehurst\wiremock-jre8\2.35.0\wiremock-jre8-2.35.0.jar;C:\Users\suyal\java\apache-maven-3.9.11\repository\org\eclipse\jetty\jetty-server\12.0.3\jetty-server-12.0.3.jar;C:\Users\suyal\java\apache-maven-3.9.11\repository\org\eclipse\jetty\jetty-http\12.0.3\jetty-http-12.0.3.jar;C:\Users\suyal\java\apache-maven-3.9.11\repository\org\eclipse\jetty\jetty-io\12.0.3\jetty-io-12.0.3.jar;C:\Users\suyal\java\apache-maven-3.9.11\repository\org\eclipse\jetty\jetty-servlet\9.4.49.v20220914\jetty-servlet-9.4.49.v20220914.jar;C:\Users\suyal\java\apache-maven-3.9.11\repository\org\eclipse\jetty\jetty-security\12.0.3\jetty-security-12.0.3.jar;C:\Users\suyal\java\apache-maven-3.9.11\repository\org\eclipse\jetty\jetty-util-ajax\12.0.3\jetty-util-ajax-12.0.3.jar;C:\Users\suyal\java\apache-maven-3.9.11\repository\org\eclipse\jetty\jetty-servlets\9.4.49.v20220914\jetty-servlets-9.4.49.v20220914.jar;C:\Users\suyal\java\apache-maven-3.9.11\repository\org\eclipse\jetty\jetty-continuation\9.4.49.v20220914\jetty-continuation-9.4.49.v20220914.jar;C:\Users\suyal\java\apache-maven-3.9.11\repository\org\eclipse\jetty\jetty-util\12.0.3\jetty-util-12.0.3.jar;C:\Users\suyal\java\apache-maven-3.9.11\repository\org\eclipse\jetty\jetty-webapp\9.4.49.v20220914\jetty-webapp-9.4.49.v20220914.jar;C:\Users\suyal\java\apache-maven-3.9.11\repository\org\eclipse\jetty\jetty-xml\12.0.3\jetty-xml-12.0.3.jar;C:\Users\suyal\java\apache-maven-3.9.11\repository\org\eclipse\jetty\jetty-proxy\12.0.3\jetty-proxy-12.0.3.jar;C:\Users\suyal\java\apache-maven-3.9.11\repository\org\eclipse\jetty\jetty-client\12.0.3\jetty-client-12.0.3.jar;C:\Users\suyal\java\apache-maven-3.9.11\repository\org\eclipse\jetty\http2\http2-server\9.4.49.v20220914\http2-server-9.4.49.v20220914.jar;C:\Users\suyal\java\apache-maven-3.9.11\repository\org\eclipse\jetty\http2\http2-common\9.4.49.v20220914\http2-common-9.4.49.v20220914.jar;C:\Users\suyal\java\apache-maven-3.9.11\repository\org\eclipse\jetty\http2\http2-hpack\9.4.49.v20220914\http2-hpack-9.4.49.v20220914.jar;C:\Users\suyal\java\apache-maven-3.9.11\repository\org\eclipse\jetty\jetty-alpn-server\12.0.3\jetty-alpn-server-12.0.3.jar;C:\Users\suyal\java\apache-maven-3.9.11\repository\org\eclipse\jetty\jetty-alpn-java-server\12.0.3\jetty-alpn-java-server-12.0.3.jar;C:\Users\suyal\java\apache-maven-3.9.11\repository\org\eclipse\jetty\jetty-alpn-openjdk8-server\9.4.49.v20220914\jetty-alpn-openjdk8-server-9.4.49.v20220914.jar;C:\Users\suyal\java\apache-maven-3.9.11\repository\org\eclipse\jetty\jetty-alpn-java-client\12.0.3\jetty-alpn-java-client-12.0.3.jar;C:\Users\suyal\java\apache-maven-3.9.11\repository\org\eclipse\jetty\jetty-alpn-client\12.0.3\jetty-alpn-client-12.0.3.jar;C:\Users\suyal\java\apache-maven-3.9.11\repository\org\eclipse\jetty\jetty-alpn-openjdk8-client\9.4.49.v20220914\jetty-alpn-openjdk8-client-9.4.49.v20220914.jar;C:\Users\suyal\java\apache-maven-3.9.11\repository\com\google\guava\guava\32.1.3-jre\guava-32.1.3-jre.jar;C:\Users\suyal\java\apache-maven-3.9.11\repository\com\google\guava\failureaccess\1.0.1\failureaccess-1.0.1.jar;C:\Users\suyal\java\apache-maven-3.9.11\repository\com\google\guava\listenablefuture\9999.0-empty-to-avoid-conflict-with-guava\listenablefuture-9999.0-empty-to-avoid-conflict-with-guava.jar;C:\Users\suyal\java\apache-maven-3.9.11\repository\com\google\code\findbugs\jsr305\3.0.2\jsr305-3.0.2.jar;C:\Users\suyal\java\apache-maven-3.9.11\repository\org\checkerframework\checker-qual\3.37.0\checker-qual-3.37.0.jar;C:\Users\suyal\java\apache-maven-3.9.11\repository\com\google\errorprone\error_prone_annotations\2.21.1\error_prone_annotations-2.21.1.jar;C:\Users\suyal\java\apache-maven-3.9.11\repository\com\google\j2objc\j2objc-annotations\2.8\j2objc-annotations-2.8.jar;C:\Users\suyal\java\apache-maven-3.9.11\repository\com\fasterxml\jackson\core\jackson-core\2.15.3\jackson-core-2.15.3.jar;C:\Users\suyal\java\apache-maven-3.9.11\repository\com\fasterxml\jackson\core\jackson-annotations\2.15.3\jackson-annotations-2.15.3.jar;C:\Users\suyal\java\apache-maven-3.9.11\repository\com\fasterxml\jackson\core\jackson-databind\2.15.3\jackson-databind-2.15.3.jar;C:\Users\suyal\java\apache-maven-3.9.11\repository\org\apache\httpcomponents\client5\httpclient5\5.2.1\httpclient5-5.2.1.jar;C:\Users\suyal\java\apache-maven-3.9.11\repository\org\apache\httpcomponents\core5\httpcore5\5.2.3\httpcore5-5.2.3.jar;C:\Users\suyal\java\apache-maven-3.9.11\repository\org\apache\httpcomponents\core5\httpcore5-h2\5.2.3\httpcore5-h2-5.2.3.jar;C:\Users\suyal\java\apache-maven-3.9.11\repository\org\xmlunit\xmlunit-legacy\2.9.1\xmlunit-legacy-2.9.1.jar;C:\Users\suyal\java\apache-maven-3.9.11\repository\org\xmlunit\xmlunit-placeholders\2.9.1\xmlunit-placeholders-2.9.1.jar;C:\Users\suyal\java\apache-maven-3.9.11\repository\net\javacrumbs\json-unit\json-unit-core\2.36.0\json-unit-core-2.36.0.jar;C:\Users\suyal\java\apache-maven-3.9.11\repository\org\hamcrest\hamcrest-core\2.2\hamcrest-core-2.2.jar;C:\Users\suyal\java\apache-maven-3.9.11\repository\org\ow2\asm\asm\9.4\asm-9.4.jar;C:\Users\suyal\java\apache-maven-3.9.11\repository\net\sf\jopt-simple\jopt-simple\5.0.4\jopt-simple-5.0.4.jar;C:\Users\suyal\java\apache-maven-3.9.11\repository\org\apache\commons\commons-lang3\3.13.0\commons-lang3-3.13.0.jar;C:\Users\suyal\java\apache-maven-3.9.11\repository\com\github\jknack\handlebars\4.3.1\handlebars-4.3.1.jar;C:\Users\suyal\java\apache-maven-3.9.11\repository\com\github\jknack\handlebars-helpers\4.3.1\handlebars-helpers-4.3.1.jar;C:\Users\suyal\java\apache-maven-3.9.11\repository\commons-fileupload\commons-fileupload\1.5\commons-fileupload-1.5.jar;C:\Users\suyal\java\apache-maven-3.9.11\repository\commons-io\commons-io\2.11.0\commons-io-2.11.0.jar;C:\Users\suyal\java\apache-maven-3.9.11\repository\org\assertj\assertj-core\3.24.2\assertj-core-3.24.2.jar;C:\Users\suyal\java\apache-maven-3.9.11\repository\net\bytebuddy\byte-buddy\1.14.10\byte-buddy-1.14.10.jar;C:\Users\suyal\java\apache-maven-3.9.11\repository\org\awaitility\awaitility\4.2.0\awaitility-4.2.0.jar;C:\Users\suyal\java\apache-maven-3.9.11\repository\org\springframework\spring-context\6.1.1\spring-context-6.1.1.jar;C:\Users\suyal\java\apache-maven-3.9.11\repository\org\springframework\spring-aop\6.1.1\spring-aop-6.1.1.jar;C:\Users\suyal\java\apache-maven-3.9.11\repository\org\springframework\spring-beans\6.1.1\spring-beans-6.1.1.jar;C:\Users\suyal\java\apache-maven-3.9.11\repository\org\springframework\spring-expression\6.1.1\spring-expression-6.1.1.jar;C:\Users\suyal\java\apache-maven-3.9.11\repository\io\micrometer\micrometer-observation\1.12.0\micrometer-observation-1.12.0.jar;C:\Users\suyal\java\apache-maven-3.9.11\repository\io\micrometer\micrometer-commons\1.12.0\micrometer-commons-1.12.0.jar;C:\Users\suyal\java\apache-maven-3.9.11\repository\org\slf4j\slf4j-api\2.0.9\slf4j-api-2.0.9.jar;C:\Users\suyal\java\apache-maven-3.9.11\repository\org\junit\jupiter\junit-jupiter\5.10.1\junit-jupiter-5.10.1.jar;C:\Users\suyal\java\apache-maven-3.9.11\repository\org\junit\jupiter\junit-jupiter-api\5.10.1\junit-jupiter-api-5.10.1.jar;C:\Users\suyal\java\apache-maven-3.9.11\repository\org\opentest4j\opentest4j\1.3.0\opentest4j-1.3.0.jar;C:\Users\suyal\java\apache-maven-3.9.11\repository\org\junit\platform\junit-platform-commons\1.10.1\junit-platform-commons-1.10.1.jar;C:\Users\suyal\java\apache-maven-3.9.11\repository\org\apiguardian\apiguardian-api\1.1.2\apiguardian-api-1.1.2.jar;C:\Users\suyal\java\apache-maven-3.9.11\repository\org\junit\jupiter\junit-jupiter-params\5.10.1\junit-jupiter-params-5.10.1.jar;C:\Users\suyal\java\apache-maven-3.9.11\repository\org\junit\jupiter\junit-jupiter-engine\5.10.1\junit-jupiter-engine-5.10.1.jar;C:\Users\suyal\java\apache-maven-3.9.11\repository\org\junit\platform\junit-platform-engine\1.10.1\junit-platform-engine-1.10.1.jar;C:\Users\suyal\java\apache-maven-3.9.11\repository\org\mockito\mockito-core\5.7.0\mockito-core-5.7.0.jar;C:\Users\suyal\java\apache-maven-3.9.11\repository\net\bytebuddy\byte-buddy-agent\1.14.10\byte-buddy-agent-1.14.10.jar;C:\Users\suyal\java\apache-maven-3.9.11\repository\org\objenesis\objenesis\3.3\objenesis-3.3.jar;C:\Users\suyal\java\apache-maven-3.9.11\repository\org\springframework\spring-test\6.1.1\spring-test-6.1.1.jar;"/>
    <property name="sun.cpu.endian" value="little"/>
    <property name="user.home" value="C:\Users\suyal"/>
    <property name="user.language" value="zh"/>
    <property name="java.specification.vendor" value="Oracle Corporation"/>
    <property name="java.version.date" value="2025-07-15"/>
    <property name="java.home" value="C:\Users\suyal\java\jdk-24"/>
    <property name="file.separator" value="\"/>
    <property name="basedir" value="C:\Users\suyal\Desktop\gen-lib\gen-lib-integration-tests"/>
    <property name="java.vm.compressedOopsMode" value="Zero based"/>
    <property name="line.separator" value="&#10;"/>
    <property name="java.vm.specification.vendor" value="Oracle Corporation"/>
    <property name="java.specification.name" value="Java Platform API Specification"/>
    <property name="FILE_LOG_CHARSET" value="UTF-8"/>
    <property name="java.awt.headless" value="true"/>
    <property name="user.script" value=""/>
    <property name="sun.management.compiler" value="HotSpot 64-Bit Tiered Compilers"/>
    <property name="java.runtime.version" value="24.0.2+12-54"/>
    <property name="user.name" value="suyal"/>
    <property name="stdout.encoding" value="GBK"/>
    <property name="path.separator" value=";"/>
    <property name="os.version" value="10.0"/>
    <property name="java.runtime.name" value="Java(TM) SE Runtime Environment"/>
    <property name="file.encoding" value="UTF-8"/>
    <property name="java.vm.name" value="Java HotSpot(TM) 64-Bit Server VM"/>
    <property name="localRepository" value="C:\Users\suyal\java\apache-maven-3.9.11\repository"/>
    <property name="java.vendor.url.bug" value="https://bugreport.java.com/bugreport/"/>
    <property name="java.io.tmpdir" value="C:\Users\suyal\AppData\Local\Temp\"/>
    <property name="catalina.home" value="C:\Users\suyal\AppData\Local\Temp\tomcat.0.13079866250534769245"/>
    <property name="com.zaxxer.hikari.pool_number" value="1"/>
    <property name="java.version" value="24.0.2"/>
    <property name="user.dir" value="C:\Users\suyal\Desktop\gen-lib\gen-lib-integration-tests"/>
    <property name="os.arch" value="amd64"/>
    <property name="java.vm.specification.name" value="Java Virtual Machine Specification"/>
    <property name="PID" value="33492"/>
    <property name="sun.os.patch.level" value=""/>
    <property name="CONSOLE_LOG_CHARSET" value="UTF-8"/>
    <property name="catalina.base" value="C:\Users\suyal\AppData\Local\Temp\tomcat.0.13079866250534769245"/>
    <property name="native.encoding" value="GBK"/>
    <property name="java.library.path" value="C:\Users\suyal\java\jdk-24\bin;C:\WINDOWS\Sun\Java\bin;C:\WINDOWS\system32;C:\WINDOWS;C:\Program Files\Common Files\Oracle\Java\javapath;C:\WINDOWS\system32;C:\WINDOWS;C:\WINDOWS\System32\Wbem;C:\WINDOWS\System32\WindowsPowerShell\v1.0\;C:\WINDOWS\System32\OpenSSH\;C:\Users\suyal\web\nodejs\;C:\Users\suyal\java\Git\cmd;C:\Program Files (x86)\Tencent\微信web开发者工具\dll;C:\Users\suyal\python\Scripts;C:\Users\suyal\python;C:\Program Files\dotnet\;C:\Users\suyal\java\apache-maven-3.9.11\bin;C:\Users\suyal\AppData\Local\Programs\Python\Launcher\;C:\Users\suyal\AppData\Local\Microsoft\WindowsApps;C:\Users\suyal\AppData\Roaming\npm;C:\Users\suyal\OtherApplication\Qoder\bin;."/>
    <property name="java.vm.info" value="mixed mode, sharing"/>
    <property name="stderr.encoding" value="GBK"/>
    <property name="java.vendor" value="Oracle Corporation"/>
    <property name="java.vm.version" value="24.0.2+12-54"/>
    <property name="sun.io.unicode.encoding" value="UnicodeLittle"/>
    <property name="java.class.version" value="68.0"/>
    <property name="LOGGED_APPLICATION_NAME" value="[gen-lib-integration-test] "/>
  </properties>
  <testcase name="testErrorHandlingIntegration" classname="com.genlib.integration.GenLibIntegrationTest" time="0.0">
    <skipped message="@EnabledIf(&quot;isDockerAvailable&quot;) evaluated to false"/>
    <system-out><![CDATA[2025-09-02T06:43:50.382+08:00  INFO 33492 --- [gen-lib-integration-test] [           main] org.testcontainers.images.PullPolicy     : Image pull policy will be performed by: DefaultPullPolicy()
2025-09-02T06:43:50.387+08:00  INFO 33492 --- [gen-lib-integration-test] [           main] o.t.utility.ImageNameSubstitutor         : Image name substitution will be performed by: DefaultImageNameSubstitutor (composite of 'ConfigurationFileImageNameSubstitutor' and 'PrefixingImageNameSubstitutor')
2025-09-02T06:43:51.380+08:00  INFO 33492 --- [gen-lib-integration-test] [           main] .t.d.DockerMachineClientProviderStrategy : docker-machine executable was not found on PATH ([C:\Program Files\Common Files\Oracle\Java\javapath, C:\WINDOWS\system32, C:\WINDOWS, C:\WINDOWS\System32\Wbem, C:\WINDOWS\System32\WindowsPowerShell\v1.0\, C:\WINDOWS\System32\OpenSSH\, C:\Users\suyal\web\nodejs\, C:\Users\suyal\java\Git\cmd, C:\Program Files (x86)\Tencent\微信web开发者工具\dll, C:\Users\suyal\python\Scripts, C:\Users\suyal\python, C:\Program Files\dotnet\, C:\Users\suyal\java\apache-maven-3.9.11\bin, C:\Users\suyal\AppData\Local\Programs\Python\Launcher\, C:\Users\suyal\AppData\Local\Microsoft\WindowsApps, C:\Users\suyal\AppData\Roaming\npm, C:\Users\suyal\OtherApplication\Qoder\bin])
2025-09-02T06:43:51.382+08:00 ERROR 33492 --- [gen-lib-integration-test] [           main] o.t.d.DockerClientProviderStrategy       : Could not find a valid Docker environment. Please check configuration. Attempted configurations were:
As no valid configuration was found, execution cannot continue.
See https://java.testcontainers.org/on_failure.html for more details.
Docker环境不可用，跳过集成测试: Could not find a valid Docker environment. Please see logs and check configuration
]]></system-out>
  </testcase>
  <testcase name="testConfigManagerIntegration" classname="com.genlib.integration.GenLibIntegrationTest" time="0.0">
    <skipped message="@EnabledIf(&quot;isDockerAvailable&quot;) evaluated to false"/>
  </testcase>
  <testcase name="testPerformanceIntegration" classname="com.genlib.integration.GenLibIntegrationTest" time="0.0">
    <skipped message="@EnabledIf(&quot;isDockerAvailable&quot;) evaluated to false"/>
  </testcase>
  <testcase name="testWebEndpointsIntegration" classname="com.genlib.integration.GenLibIntegrationTest" time="0.0">
    <skipped message="@EnabledIf(&quot;isDockerAvailable&quot;) evaluated to false"/>
  </testcase>
  <testcase name="testCoreComponentsIntegration" classname="com.genlib.integration.GenLibIntegrationTest" time="0.0">
    <skipped message="@EnabledIf(&quot;isDockerAvailable&quot;) evaluated to false"/>
  </testcase>
  <testcase name="testApplicationStartup" classname="com.genlib.integration.GenLibIntegrationTest" time="0.0">
    <skipped message="@EnabledIf(&quot;isDockerAvailable&quot;) evaluated to false"/>
  </testcase>
  <testcase name="testUserManagementIntegration" classname="com.genlib.integration.GenLibIntegrationTest" time="0.0">
    <skipped message="@EnabledIf(&quot;isDockerAvailable&quot;) evaluated to false"/>
  </testcase>
  <testcase name="testCacheManagerIntegration" classname="com.genlib.integration.GenLibIntegrationTest" time="0.0">
    <skipped message="@EnabledIf(&quot;isDockerAvailable&quot;) evaluated to false"/>
  </testcase>
</testsuite>